action: tox_6.4, msg: envreport
cwd: /home/eashan/Eashan/Data_Science/STG/NLP/nlp/project_multilingual/french_classifier/custom_pipeline/pipeline/lepost_entity/le_poste
cmd: /home/eashan/Eashan/Data_Science/STG/NLP/nlp/project_multilingual/french_classifier/custom_pipeline/pipeline/lepost_entity/le_poste/.tox/tox_6.4/bin/python -m pip freeze
attrs==19.3.0
click==7.1.2
et-xmlfile==1.0.1
imbalanced-learn==0.6.2
importlib-metadata==1.6.1
jdcal==1.4.1
joblib==0.15.1
more-itertools==8.3.0
nltk==3.5
numpy==1.18.5
openpyxl==3.0.3
packaging==20.4
pandas==0.25.3
pathlib==1.0.1
pluggy==0.13.1
py==1.8.1
pyparsing==2.4.7
pytest==5.4.3
python-dateutil==2.8.1
pytz==2020.1
regex==2020.5.14
scikit-learn==0.22.2.post1
scipy==1.4.1
six==1.15.0
snowballstemmer==2.0.0
tqdm==4.46.1
wcwidth==0.2.4
xlrd==1.2.0
zipp==3.1.0
